pg_dump: последний системный OID: 16383
pg_dump: чтение расширений
pg_dump: выявление членов расширений
pg_dump: чтение схем
pg_dump: чтение пользовательских таблиц
pg_dump: чтение пользовательских функций
pg_dump: чтение пользовательских типов
pg_dump: чтение процедурных языков
pg_dump: чтение пользовательских агрегатных функций
pg_dump: чтение пользовательских операторов
pg_dump: чтение пользовательских методов доступа
pg_dump: чтение пользовательских классов операторов
pg_dump: чтение пользовательских семейств операторов
pg_dump: чтение пользовательских анализаторов текстового поиска
pg_dump: чтение пользовательских шаблонов текстового поиска
pg_dump: чтение пользовательских словарей текстового поиска
pg_dump: чтение пользовательских конфигураций текстового поиска
pg_dump: чтение пользовательских оболочек сторонних данных
pg_dump: чтение пользовательских сторонних серверов
pg_dump: чтение прав по умолчанию
pg_dump: чтение пользовательских правил сортировки
pg_dump: чтение пользовательских преобразований
pg_dump: чтение приведений типов
pg_dump: чтение преобразований
pg_dump: чтение информации о наследовании таблиц
pg_dump: чтение событийных триггеров
pg_dump: поиск таблиц расширений
pg_dump: поиск связей наследования
pg_dump: чтение информации о столбцах интересующих таблиц
pg_dump: поиск столбцов и типов таблицы "public.AddBlank"
pg_dump: поиск столбцов и типов таблицы "public.AddStatus"
pg_dump: поиск столбцов и типов таблицы "public.AddUserMail"
pg_dump: поиск столбцов и типов таблицы "public.AllMail"
pg_dump: поиск выражений по умолчанию для таблицы "public.AllMail"
pg_dump: поиск столбцов и типов таблицы "public.BlankOrder"
pg_dump: поиск выражений по умолчанию для таблицы "public.BlankOrder"
pg_dump: поиск столбцов и типов таблицы "public.DataReg"
pg_dump: поиск столбцов и типов таблицы "public.Orders"
pg_dump: поиск выражений по умолчанию для таблицы "public.Orders"
pg_dump: поиск столбцов и типов таблицы "public.Position"
pg_dump: поиск выражений по умолчанию для таблицы "public.Position"
pg_dump: поиск столбцов и типов таблицы "public.Status"
pg_dump: поиск выражений по умолчанию для таблицы "public.Status"
pg_dump: поиск столбцов и типов таблицы "public.User"
pg_dump: поиск выражений по умолчанию для таблицы "public.User"
pg_dump: пометка наследованных столбцов в подтаблицах
pg_dump: чтение индексов
pg_dump: чтение индексов таблицы "public.AllMail"
pg_dump: чтение индексов таблицы "public.BlankOrder"
pg_dump: чтение индексов таблицы "public.Orders"
pg_dump: чтение индексов таблицы "public.Position"
pg_dump: чтение индексов таблицы "public.Status"
pg_dump: чтение индексов таблицы "public.User"
pg_dump: пометка индексов в секционированных таблицах
pg_dump: чтение расширенной статистики
pg_dump: чтение ограничений
pg_dump: чтение ограничений внешних ключей таблицы "public.AddBlank"
pg_dump: чтение ограничений внешних ключей таблицы "public.AddStatus"
pg_dump: чтение ограничений внешних ключей таблицы "public.AddUserMail"
pg_dump: чтение ограничений внешних ключей таблицы "public.AllMail"
pg_dump: чтение ограничений внешних ключей таблицы "public.BlankOrder"
pg_dump: чтение ограничений внешних ключей таблицы "public.DataReg"
pg_dump: чтение ограничений внешних ключей таблицы "public.Orders"
pg_dump: чтение ограничений внешних ключей таблицы "public.Position"
pg_dump: чтение ограничений внешних ключей таблицы "public.Status"
pg_dump: чтение ограничений внешних ключей таблицы "public.User"
pg_dump: чтение триггеров
pg_dump: чтение триггеров таблицы "public.AddBlank"
pg_dump: чтение триггеров таблицы "public.AddStatus"
pg_dump: чтение триггеров таблицы "public.AddUserMail"
pg_dump: чтение триггеров таблицы "public.AllMail"
pg_dump: чтение триггеров таблицы "public.BlankOrder"
pg_dump: чтение триггеров таблицы "public.DataReg"
pg_dump: чтение триггеров таблицы "public.Orders"
pg_dump: чтение триггеров таблицы "public.Position"
pg_dump: чтение триггеров таблицы "public.Status"
pg_dump: чтение триггеров таблицы "public.User"
pg_dump: чтение правил перезаписи
pg_dump: чтение политик
pg_dump: чтение информации о защите строк для таблицы "public.AddBlank"
pg_dump: чтение политик таблицы "public.AddBlank"
pg_dump: чтение информации о защите строк для таблицы "public.AddStatus"
pg_dump: чтение политик таблицы "public.AddStatus"
pg_dump: чтение информации о защите строк для таблицы "public.AddUserMail"
pg_dump: чтение политик таблицы "public.AddUserMail"
pg_dump: чтение информации о защите строк для таблицы "public.AllMail"
pg_dump: чтение политик таблицы "public.AllMail"
pg_dump: чтение информации о защите строк для таблицы "public.AllMail_ID_seq"
pg_dump: чтение политик таблицы "public.AllMail_ID_seq"
pg_dump: чтение информации о защите строк для таблицы "public.BlankOrder"
pg_dump: чтение политик таблицы "public.BlankOrder"
pg_dump: чтение информации о защите строк для таблицы "public.BlankOrder_ID_seq"
pg_dump: чтение политик таблицы "public.BlankOrder_ID_seq"
pg_dump: чтение информации о защите строк для таблицы "public.DataReg"
pg_dump: чтение политик таблицы "public.DataReg"
pg_dump: чтение информации о защите строк для таблицы "public.Orders"
pg_dump: чтение политик таблицы "public.Orders"
pg_dump: чтение информации о защите строк для таблицы "public.Orders_ID_seq"
pg_dump: чтение политик таблицы "public.Orders_ID_seq"
pg_dump: чтение информации о защите строк для таблицы "public.Position"
pg_dump: чтение политик таблицы "public.Position"
pg_dump: чтение информации о защите строк для таблицы "public.Position_ID_seq"
pg_dump: чтение политик таблицы "public.Position_ID_seq"
pg_dump: чтение информации о защите строк для таблицы "public.Status"
pg_dump: чтение политик таблицы "public.Status"
pg_dump: чтение информации о защите строк для таблицы "public.Status_ID_seq"
pg_dump: чтение политик таблицы "public.Status_ID_seq"
pg_dump: чтение информации о защите строк для таблицы "public.User"
pg_dump: чтение политик таблицы "public.User"
pg_dump: чтение информации о защите строк для таблицы "public.User_ID_seq"
pg_dump: чтение политик таблицы "public.User_ID_seq"
pg_dump: чтение публикаций
pg_dump: чтение участников публикаций
pg_dump: чтение информации об участии в репликации таблицы "public.AddBlank"
pg_dump: чтение информации об участии в репликации таблицы "public.AddStatus"
pg_dump: чтение информации об участии в репликации таблицы "public.AddUserMail"
pg_dump: чтение информации об участии в репликации таблицы "public.AllMail"
pg_dump: чтение информации об участии в репликации таблицы "public.BlankOrder"
pg_dump: чтение информации об участии в репликации таблицы "public.DataReg"
pg_dump: чтение информации об участии в репликации таблицы "public.Orders"
pg_dump: чтение информации об участии в репликации таблицы "public.Position"
pg_dump: чтение информации об участии в репликации таблицы "public.Status"
pg_dump: чтение информации об участии в репликации таблицы "public.User"
pg_dump: чтение подписок
pg_dump: чтение больших объектов
pg_dump: чтение информации о зависимостях
pg_dump: сохранение кодировки (UTF8)
pg_dump: сохранение standard_conforming_strings (on)
pg_dump: сохранение search_path ()
pg_dump: сохранение определения базы данных
pg_dump: выгрузка содержимого таблицы "public.AddBlank"
pg_dump: выгрузка содержимого таблицы "public.AddStatus"
pg_dump: выгрузка содержимого таблицы "public.AddUserMail"
pg_dump: выгрузка содержимого таблицы "public.AllMail"
pg_dump: выгрузка содержимого таблицы "public.BlankOrder"
pg_dump: выгрузка содержимого таблицы "public.DataReg"
pg_dump: выгрузка содержимого таблицы "public.Orders"
pg_dump: выгрузка содержимого таблицы "public.Position"
pg_dump: выгрузка содержимого таблицы "public.Status"
pg_dump: выгрузка содержимого таблицы "public.User"
